<?xml version="1.0" encoding="UTF-8" ?>
<testsuites errors="4"
            failures="1"
            tests="1">

  <testsuite name="feedback.test"
    errors="4" failures="1" hostname="" id="" package="feedback.test" skipped="0"
    tests="1" time="45.57" timestamp="">
  
    <testcase name="Scenario: Submit Feedback and Verify Display" classname="feedback.test" time="22.78" assertions="1">  <failure message="Testing if element &lt;@feedbackList&gt; contains text &#39;This is a feedback message&#39; in 5000ms - expected &#34;contains text &#39;This is a feedback message&#39;&#34; but got: &#34;element could not be located&#34; (5116ms)">    at Scenario: Submit Feedback and Verify Display (/Users/sydnec/Documents/E2E/src/tests/feedback.test.js:15:15)</failure>

    
    <error message="invalid selector: An invalid or illegal selector was specified
  (Session info: chrome=132.0.6834.84)" type="error"><![CDATA[
    InvalidSelectorError: invalid selector: An invalid or illegal selector was specified
  (Session info: chrome=132.0.6834.84)
    at Object.throwDecodedError (/Users/sydnec/Documents/E2E/node_modules/selenium-webdriver/lib/error.js:521:15)
    at parseHttpResponse (/Users/sydnec/Documents/E2E/node_modules/selenium-webdriver/lib/http.js:514:13)
    at Executor.execute (/Users/sydnec/Documents/E2E/node_modules/selenium-webdriver/lib/http.js:446:28)
    at process.processTicksAndRejections (node:internal/process/task_queues:105:5)
    at async Driver.execute (/Users/sydnec/Documents/E2E/node_modules/selenium-webdriver/lib/webdriver.js:744:17)
    at async Driver.findElements (/Users/sydnec/Documents/E2E/node_modules/selenium-webdriver/lib/webdriver.js:1072:17)
    ]]></error>
    
    </testcase>
  

  
    <system-err>
       NoSuchElementError
   An error occurred while running .setValue() command on &lt;@firstNameField&gt;: Timed out while waiting for element &#34;@firstNameField&#34; with &#34;css selector&#34; to be present for 5000 milliseconds.
    {&#34;error&#34;:{&#34;name&#34;:&#34;InvalidSelectorError&#34;,&#34;remoteStacktrace&#34;:&#34;&#34;},&#34;status&#34;:-1,&#34;value&#34;:null}

    Try fixing by :
    1. Please inspect the html before the step
    2. Verify if an element with the mentioned selector is present in the DOM tree

    Error location:
    /Users/sydnec/Documents/E2E/src/tests/contact.test.js:9
    –––––––––––––––––––––––––––––––––––––––––––––––––––––––
     7 |     contactPage
     8 |       .navigateToContactPage()
     9 |       .setValue(&#39;@firstNameField&#39;, &#39;Jean&#39;) 
     10 |       .setValue(&#39;@lastNameField&#39;, &#39;Louis&#39;)
     11 |       .setValue(&#39;@mobilePhoneField&#39;, &#39;0610203040&#39;)
    –––––––––––––––––––––––––––––––––––––––––––––––––––––––

 NoSuchElementError
   An error occurred while running .setValue() command on &lt;@lastNameField&gt;: Timed out while waiting for element &#34;@lastNameField&#34; with &#34;css selector&#34; to be present for 5000 milliseconds.
    {&#34;error&#34;:{&#34;name&#34;:&#34;InvalidSelectorError&#34;,&#34;remoteStacktrace&#34;:&#34;&#34;},&#34;status&#34;:-1,&#34;value&#34;:null}

    Try fixing by :
    1. Please inspect the html before the step
    2. Verify if an element with the mentioned selector is present in the DOM tree

    Error location:
    /Users/sydnec/Documents/E2E/src/tests/contact.test.js:10
    –––––––––––––––––––––––––––––––––––––––––––––––––––––––
     8 |       .navigateToContactPage()
     9 |       .setValue(&#39;@firstNameField&#39;, &#39;Jean&#39;)
     10 |       .setValue(&#39;@lastNameField&#39;, &#39;Louis&#39;) 
     11 |       .setValue(&#39;@mobilePhoneField&#39;, &#39;0610203040&#39;)
     12 |       .setValue(&#39;@emailField&#39;, &#39;jean.louis@email.com&#39;)
    –––––––––––––––––––––––––––––––––––––––––––––––––––––––

 NoSuchElementError
   An error occurred while running .setValue() command on &lt;@mobilePhoneField&gt;: Timed out while waiting for element &#34;@mobilePhoneField&#34; with &#34;css selector&#34; to be present for 5000 milliseconds.
    {&#34;error&#34;:{&#34;name&#34;:&#34;InvalidSelectorError&#34;,&#34;remoteStacktrace&#34;:&#34;&#34;},&#34;status&#34;:-1,&#34;value&#34;:null}

    Try fixing by :
    1. Please inspect the html before the step
    2. Verify if an element with the mentioned selector is present in the DOM tree

    Error location:
    /Users/sydnec/Documents/E2E/src/tests/contact.test.js:11
    –––––––––––––––––––––––––––––––––––––––––––––––––––––––
     9 |       .setValue(&#39;@firstNameField&#39;, &#39;Jean&#39;)
     10 |       .setValue(&#39;@lastNameField&#39;, &#39;Louis&#39;)
     11 |       .setValue(&#39;@mobilePhoneField&#39;, &#39;0610203040&#39;) 
     12 |       .setValue(&#39;@emailField&#39;, &#39;jean.louis@email.com&#39;)
     13 |       .setValue(&#39;@arrivedAtField&#39;, &#39;2025-01-01&#39;)
    –––––––––––––––––––––––––––––––––––––––––––––––––––––––

 NoSuchElementError
   An error occurred while running .setValue() command on &lt;@emailField&gt;: Timed out while waiting for element &#34;@emailField&#34; with &#34;css selector&#34; to be present for 5000 milliseconds.
    {&#34;error&#34;:{&#34;name&#34;:&#34;InvalidSelectorError&#34;,&#34;remoteStacktrace&#34;:&#34;&#34;},&#34;status&#34;:-1,&#34;value&#34;:null}

    Try fixing by :
    1. Please inspect the html before the step
    2. Verify if an element with the mentioned selector is present in the DOM tree

    Error location:
    /Users/sydnec/Documents/E2E/src/tests/contact.test.js:12
    –––––––––––––––––––––––––––––––––––––––––––––––––––––––
     10 |       .setValue(&#39;@lastNameField&#39;, &#39;Louis&#39;)
     11 |       .setValue(&#39;@mobilePhoneField&#39;, &#39;0610203040&#39;)
     12 |       .setValue(&#39;@emailField&#39;, &#39;jean.louis@email.com&#39;) 
     13 |       .setValue(&#39;@arrivedAtField&#39;, &#39;2025-01-01&#39;)
     14 |       .setValue(&#39;@departureAtField&#39;, &#39;2025-01-10&#39;)
    –––––––––––––––––––––––––––––––––––––––––––––––––––––––

 NoSuchElementError
   An error occurred while running .setValue() command on &lt;@arrivedAtField&gt;: Timed out while waiting for element &#34;@arrivedAtField&#34; with &#34;css selector&#34; to be present for 5000 milliseconds.
    {&#34;error&#34;:{&#34;name&#34;:&#34;InvalidSelectorError&#34;,&#34;remoteStacktrace&#34;:&#34;&#34;},&#34;status&#34;:-1,&#34;value&#34;:null}

    Try fixing by :
    1. Please inspect the html before the step
    2. Verify if an element with the mentioned selector is present in the DOM tree

    Error location:
    /Users/sydnec/Documents/E2E/src/tests/contact.test.js:13
    –––––––––––––––––––––––––––––––––––––––––––––––––––––––
     11 |       .setValue(&#39;@mobilePhoneField&#39;, &#39;0610203040&#39;)
     12 |       .setValue(&#39;@emailField&#39;, &#39;jean.louis@email.com&#39;)
     13 |       .setValue(&#39;@arrivedAtField&#39;, &#39;2025-01-01&#39;) 
     14 |       .setValue(&#39;@departureAtField&#39;, &#39;2025-01-10&#39;)
     15 |       .setValue(&#39;@messageField&#39;, &#39;This is a test message&#39;)
    –––––––––––––––––––––––––––––––––––––––––––––––––––––––

 NoSuchElementError
   An error occurred while running .setValue() command on &lt;@departureAtField&gt;: Timed out while waiting for element &#34;@departureAtField&#34; with &#34;css selector&#34; to be present for 5000 milliseconds.
    {&#34;error&#34;:{&#34;name&#34;:&#34;InvalidSelectorError&#34;,&#34;remoteStacktrace&#34;:&#34;&#34;},&#34;status&#34;:-1,&#34;value&#34;:null}

    Try fixing by :
    1. Please inspect the html before the step
    2. Verify if an element with the mentioned selector is present in the DOM tree

    Error location:
    /Users/sydnec/Documents/E2E/src/tests/contact.test.js:14
    –––––––––––––––––––––––––––––––––––––––––––––––––––––––
     12 |       .setValue(&#39;@emailField&#39;, &#39;jean.louis@email.com&#39;)
     13 |       .setValue(&#39;@arrivedAtField&#39;, &#39;2025-01-01&#39;)
     14 |       .setValue(&#39;@departureAtField&#39;, &#39;2025-01-10&#39;) 
     15 |       .setValue(&#39;@messageField&#39;, &#39;This is a test message&#39;)
     16 |       .click(&#39;@submitButton&#39;);
    –––––––––––––––––––––––––––––––––––––––––––––––––––––––

 NoSuchElementError
   An error occurred while running .setValue() command on &lt;@messageField&gt;: Timed out while waiting for element &#34;@messageField&#34; with &#34;css selector&#34; to be present for 5000 milliseconds.
    {&#34;error&#34;:{&#34;name&#34;:&#34;InvalidSelectorError&#34;,&#34;remoteStacktrace&#34;:&#34;&#34;},&#34;status&#34;:-1,&#34;value&#34;:null}

    Try fixing by :
    1. Please inspect the html before the step
    2. Verify if an element with the mentioned selector is present in the DOM tree

    Error location:
    /Users/sydnec/Documents/E2E/src/tests/contact.test.js:15
    –––––––––––––––––––––––––––––––––––––––––––––––––––––––
     13 |       .setValue(&#39;@arrivedAtField&#39;, &#39;2025-01-01&#39;)
     14 |       .setValue(&#39;@departureAtField&#39;, &#39;2025-01-10&#39;)
     15 |       .setValue(&#39;@messageField&#39;, &#39;This is a test message&#39;) 
     16 |       .click(&#39;@submitButton&#39;);
     17 | 
    –––––––––––––––––––––––––––––––––––––––––––––––––––––––

 NoSuchElementError
   An error occurred while running .click() command on &lt;@submitButton&gt;: Timed out while waiting for element &#34;@submitButton&#34; with &#34;css selector&#34; to be present for 5000 milliseconds.
    {&#34;error&#34;:{&#34;name&#34;:&#34;InvalidSelectorError&#34;,&#34;remoteStacktrace&#34;:&#34;&#34;},&#34;status&#34;:-1,&#34;value&#34;:null}

    Try fixing by :
    1. Please inspect the html before the step
    2. Verify if an element with the mentioned selector is present in the DOM tree

    Error location:
    /Users/sydnec/Documents/E2E/src/tests/contact.test.js:16
    –––––––––––––––––––––––––––––––––––––––––––––––––––––––
     14 |       .setValue(&#39;@departureAtField&#39;, &#39;2025-01-10&#39;)
     15 |       .setValue(&#39;@messageField&#39;, &#39;This is a test message&#39;)
     16 |       .click(&#39;@submitButton&#39;); 
     17 | 
     18 |     browser
    –––––––––––––––––––––––––––––––––––––––––––––––––––––––

 NoSuchElementError
   An error occurred while running .setValue() command on &lt;@nameField&gt;: Timed out while waiting for element &#34;@nameField&#34; with &#34;css selector&#34; to be present for 5000 milliseconds.
    {&#34;error&#34;:{&#34;name&#34;:&#34;InvalidSelectorError&#34;,&#34;remoteStacktrace&#34;:&#34;&#34;},&#34;status&#34;:-1,&#34;value&#34;:null}

    Try fixing by :
    1. Please inspect the html before the step
    2. Verify if an element with the mentioned selector is present in the DOM tree

    Error location:
    /Users/sydnec/Documents/E2E/src/tests/feedback.test.js:9
    ––––––––––––––––––––––––––––––––––––––––––––––––––––––––
     7 |     feedbackPage
     8 |       .navigateToFeedbackPage()
     9 |       .setValue(&#39;@nameField&#39;, &#39;Test User&#39;) 
     10 |       .setValue(&#39;@messageField&#39;, &#39;This is a feedback message&#39;)
     11 |       .click(&#39;@submitButton&#39;);
    ––––––––––––––––––––––––––––––––––––––––––––––––––––––––

 NoSuchElementError
   An error occurred while running .setValue() command on &lt;@messageField&gt;: Timed out while waiting for element &#34;@messageField&#34; with &#34;css selector&#34; to be present for 5000 milliseconds.
    {&#34;error&#34;:{&#34;name&#34;:&#34;InvalidSelectorError&#34;,&#34;remoteStacktrace&#34;:&#34;&#34;},&#34;status&#34;:-1,&#34;value&#34;:null}

    Try fixing by :
    1. Please inspect the html before the step
    2. Verify if an element with the mentioned selector is present in the DOM tree

    Error location:
    /Users/sydnec/Documents/E2E/src/tests/feedback.test.js:10
    ––––––––––––––––––––––––––––––––––––––––––––––––––––––––
     8 |       .navigateToFeedbackPage()
     9 |       .setValue(&#39;@nameField&#39;, &#39;Test User&#39;)
     10 |       .setValue(&#39;@messageField&#39;, &#39;This is a feedback message&#39;) 
     11 |       .click(&#39;@submitButton&#39;);
     12 | 
    ––––––––––––––––––––––––––––––––––––––––––––––––––––––––

 NoSuchElementError
   An error occurred while running .click() command on &lt;@submitButton&gt;: Timed out while waiting for element &#34;@submitButton&#34; with &#34;css selector&#34; to be present for 5000 milliseconds.
    {&#34;error&#34;:{&#34;name&#34;:&#34;InvalidSelectorError&#34;,&#34;remoteStacktrace&#34;:&#34;&#34;},&#34;status&#34;:-1,&#34;value&#34;:null}

    Try fixing by :
    1. Please inspect the html before the step
    2. Verify if an element with the mentioned selector is present in the DOM tree

    Error location:
    /Users/sydnec/Documents/E2E/src/tests/feedback.test.js:11
    ––––––––––––––––––––––––––––––––––––––––––––––––––––––––
     9 |       .setValue(&#39;@nameField&#39;, &#39;Test User&#39;)
     10 |       .setValue(&#39;@messageField&#39;, &#39;This is a feedback message&#39;)
     11 |       .click(&#39;@submitButton&#39;); 
     12 | 
     13 |     browser
    ––––––––––––––––––––––––––––––––––––––––––––––––––––––––

 InvalidSelectorError
   invalid selector: An invalid or illegal selector was specified
  (Session info: chrome=132.0.6834.84)
 NoSuchElementError
   An error occurred while running .setValue() command on &lt;@usernameField&gt;: Timed out while waiting for element &#34;@usernameField&#34; with &#34;css selector&#34; to be present for 5000 milliseconds.
    {&#34;error&#34;:{&#34;name&#34;:&#34;InvalidSelectorError&#34;,&#34;remoteStacktrace&#34;:&#34;&#34;},&#34;status&#34;:-1,&#34;value&#34;:null}

    Try fixing by :
    1. Please inspect the html before the step
    2. Verify if an element with the mentioned selector is present in the DOM tree

    Error location:
    /Users/sydnec/Documents/E2E/src/tests/login.test.js:10
    –––––––––––––––––––––––––––––––––––––––––––––––––––––
     8 |     loginPage
     9 |       .navigateToLoginPage()
     10 |       .setValue(&#39;@usernameField&#39;, &#39;TestE2E&#39;) 
     11 |       .setValue(&#39;@passwordField&#39;, &#39;password123&#39;)
     12 |       .click(&#39;@submitButton&#39;);
    –––––––––––––––––––––––––––––––––––––––––––––––––––––

 NoSuchElementError
   An error occurred while running .setValue() command on &lt;@passwordField&gt;: Timed out while waiting for element &#34;@passwordField&#34; with &#34;css selector&#34; to be present for 5000 milliseconds.
    {&#34;error&#34;:{&#34;name&#34;:&#34;InvalidSelectorError&#34;,&#34;remoteStacktrace&#34;:&#34;&#34;},&#34;status&#34;:-1,&#34;value&#34;:null}

    Try fixing by :
    1. Please inspect the html before the step
    2. Verify if an element with the mentioned selector is present in the DOM tree

    Error location:
    /Users/sydnec/Documents/E2E/src/tests/login.test.js:11
    –––––––––––––––––––––––––––––––––––––––––––––––––––––
     9 |       .navigateToLoginPage()
     10 |       .setValue(&#39;@usernameField&#39;, &#39;TestE2E&#39;)
     11 |       .setValue(&#39;@passwordField&#39;, &#39;password123&#39;) 
     12 |       .click(&#39;@submitButton&#39;);
     13 | 
    –––––––––––––––––––––––––––––––––––––––––––––––––––––

 NoSuchElementError
   An error occurred while running .click() command on &lt;@submitButton&gt;: Timed out while waiting for element &#34;@submitButton&#34; with &#34;css selector&#34; to be present for 5000 milliseconds.
    {&#34;error&#34;:{&#34;name&#34;:&#34;InvalidSelectorError&#34;,&#34;remoteStacktrace&#34;:&#34;&#34;},&#34;status&#34;:-1,&#34;value&#34;:null}

    Try fixing by :
    1. Please inspect the html before the step
    2. Verify if an element with the mentioned selector is present in the DOM tree

    Error location:
    /Users/sydnec/Documents/E2E/src/tests/login.test.js:12
    –––––––––––––––––––––––––––––––––––––––––––––––––––––
     10 |       .setValue(&#39;@usernameField&#39;, &#39;TestE2E&#39;)
     11 |       .setValue(&#39;@passwordField&#39;, &#39;password123&#39;)
     12 |       .click(&#39;@submitButton&#39;); 
     13 | 
     14 |     browser
    –––––––––––––––––––––––––––––––––––––––––––––––––––––

    </system-err>
  

    

  
  </testsuite>
</testsuites>
